C:\Users\Hooman\Desktop\Hahn.ApplicatonProcess.Application\Hahn.ApplicatonProcess.February2021.Web\src\shared\services\config.js
C:\Users\Hooman\Desktop\Hahn.ApplicatonProcess.Application\Hahn.ApplicatonProcess.February2021.Web\src\shared\services\config.js.map
C:\Users\Hooman\Desktop\Hahn.ApplicatonProcess.Application\Hahn.ApplicatonProcess.February2021.Web\src\shared\services\HttpError.js
C:\Users\Hooman\Desktop\Hahn.ApplicatonProcess.Application\Hahn.ApplicatonProcess.February2021.Web\src\shared\services\HttpError.js.map
C:\Users\Hooman\Desktop\Hahn.ApplicatonProcess.Application\Hahn.ApplicatonProcess.February2021.Web\src\shared\services\service-helper.js
C:\Users\Hooman\Desktop\Hahn.ApplicatonProcess.Application\Hahn.ApplicatonProcess.February2021.Web\src\shared\services\service-helper.js.map
C:\Users\Hooman\Desktop\Hahn.ApplicatonProcess.Application\Hahn.ApplicatonProcess.February2021.Web\src\shared\services\api-service.js
C:\Users\Hooman\Desktop\Hahn.ApplicatonProcess.Application\Hahn.ApplicatonProcess.February2021.Web\src\shared\services\api-service.js.map
C:\Users\Hooman\Desktop\Hahn.ApplicatonProcess.Application\Hahn.ApplicatonProcess.February2021.Web\src\shared\models\asset.js
C:\Users\Hooman\Desktop\Hahn.ApplicatonProcess.Application\Hahn.ApplicatonProcess.February2021.Web\src\shared\models\asset.js.map
C:\Users\Hooman\Desktop\Hahn.ApplicatonProcess.Application\Hahn.ApplicatonProcess.February2021.Web\src\shared\services\asset-service.js
C:\Users\Hooman\Desktop\Hahn.ApplicatonProcess.Application\Hahn.ApplicatonProcess.February2021.Web\src\shared\services\asset-service.js.map
C:\Users\Hooman\Desktop\Hahn.ApplicatonProcess.Application\Hahn.ApplicatonProcess.February2021.Web\src\shared\state\shared-state.js
C:\Users\Hooman\Desktop\Hahn.ApplicatonProcess.Application\Hahn.ApplicatonProcess.February2021.Web\src\shared\state\shared-state.js.map
C:\Users\Hooman\Desktop\Hahn.ApplicatonProcess.Application\Hahn.ApplicatonProcess.February2021.Web\src\app.js
C:\Users\Hooman\Desktop\Hahn.ApplicatonProcess.Application\Hahn.ApplicatonProcess.February2021.Web\src\app.js.map
C:\Users\Hooman\Desktop\Hahn.ApplicatonProcess.Application\Hahn.ApplicatonProcess.February2021.Web\src\main.js
C:\Users\Hooman\Desktop\Hahn.ApplicatonProcess.Application\Hahn.ApplicatonProcess.February2021.Web\src\main.js.map
C:\Users\Hooman\Desktop\Hahn.ApplicatonProcess.Application\Hahn.ApplicatonProcess.February2021.Web\src\components\asset\assets-edit-component.js
C:\Users\Hooman\Desktop\Hahn.ApplicatonProcess.Application\Hahn.ApplicatonProcess.February2021.Web\src\components\asset\assets-edit-component.js.map
C:\Users\Hooman\Desktop\Hahn.ApplicatonProcess.Application\Hahn.ApplicatonProcess.February2021.Web\src\components\asset\assets-list-component.js
C:\Users\Hooman\Desktop\Hahn.ApplicatonProcess.Application\Hahn.ApplicatonProcess.February2021.Web\src\components\asset\assets-list-component.js.map
C:\Users\Hooman\Desktop\Hahn.ApplicatonProcess.Application\Hahn.ApplicatonProcess.February2021.Web\src\resources\index.js
C:\Users\Hooman\Desktop\Hahn.ApplicatonProcess.Application\Hahn.ApplicatonProcess.February2021.Web\src\resources\index.js.map
C:\Users\Hooman\Desktop\Hahn.ApplicatonProcess.Application\Hahn.ApplicatonProcess.February2021.Web\src\shared\index.js
C:\Users\Hooman\Desktop\Hahn.ApplicatonProcess.Application\Hahn.ApplicatonProcess.February2021.Web\src\shared\index.js.map
C:\Users\Hooman\Desktop\Hahn.ApplicatonProcess.Application\Hahn.ApplicatonProcess.February2021.Web\src\shared\layouts\footer-layout.js
C:\Users\Hooman\Desktop\Hahn.ApplicatonProcess.Application\Hahn.ApplicatonProcess.February2021.Web\src\shared\layouts\footer-layout.js.map
C:\Users\Hooman\Desktop\Hahn.ApplicatonProcess.Application\Hahn.ApplicatonProcess.February2021.Web\src\shared\layouts\header-layout.js
C:\Users\Hooman\Desktop\Hahn.ApplicatonProcess.Application\Hahn.ApplicatonProcess.February2021.Web\src\shared\layouts\header-layout.js.map
C:\Users\Hooman\Desktop\Hahn.ApplicatonProcess.Application\Hahn.ApplicatonProcess.February2021.Web\test\jest-pretest.js
C:\Users\Hooman\Desktop\Hahn.ApplicatonProcess.Application\Hahn.ApplicatonProcess.February2021.Web\test\jest-pretest.js.map
C:\Users\Hooman\Desktop\Hahn.ApplicatonProcess.Application\Hahn.ApplicatonProcess.February2021.Web\test\unit\app.spec.js
C:\Users\Hooman\Desktop\Hahn.ApplicatonProcess.Application\Hahn.ApplicatonProcess.February2021.Web\test\unit\app.spec.js.map
